In file included from [01m[K/opt/ros/noetic/include/class_loader/class_loader.hpp:47[m[K,
                 from [01m[K/opt/ros/noetic/include/pluginlib/./class_list_macros.hpp:40[m[K,
                 from [01m[K/opt/ros/noetic/include/pluginlib/class_list_macros.h:35[m[K,
                 from [01m[K/home/albertozafra7/Desktop/Universidad/Master/AR/Lab5/catkin_ws/src/arob_lab5/src/llc_local_planner.cpp:1[m[K:
[01m[K/home/albertozafra7/Desktop/Universidad/Master/AR/Lab5/catkin_ws/src/arob_lab5/src/llc_local_planner.cpp:8:24:[m[K [01;31m[Kerror: [m[Kâ€˜[01m[Kllc_local_planner[m[Kâ€™ does not name a type; did you mean â€˜[01m[Kp12_llc_local_planner[m[Kâ€™?
    8 | PLUGINLIB_EXPORT_CLASS([01;31m[Kllc_local_planner[m[K::LLCLocalPlanner, nav_core::BaseLocalPlanner)
      |                        [01;31m[K^~~~~~~~~~~~~~~~~[m[K
[01m[K/opt/ros/noetic/include/class_loader/register_macro.hpp:43:14:[m[K [01;36m[Knote: [m[Kin definition of macro â€˜[01m[KCLASS_LOADER_REGISTER_CLASS_INTERNAL_WITH_MESSAGE[m[Kâ€™
   43 |     typedef  [01;36m[KDerived[m[K _derived; \
      |              [01;36m[K^~~~~~~[m[K
[01m[K/opt/ros/noetic/include/class_loader/register_macro.hpp:63:3:[m[K [01;36m[Knote: [m[Kin expansion of macro â€˜[01m[KCLASS_LOADER_REGISTER_CLASS_INTERNAL_HOP1_WITH_MESSAGE[m[Kâ€™
   63 |   [01;36m[KCLASS_LOADER_REGISTER_CLASS_INTERNAL_HOP1_WITH_MESSAGE[m[K(Derived, Base, __COUNTER__, Message)
      |   [01;36m[K^~~~~~~~~~~~~~~~~~~~~~~~~~~~~~~~~~~~~~~~~~~~~~~~~~~~~~[m[K
[01m[K/opt/ros/noetic/include/class_loader/register_macro.hpp:70:3:[m[K [01;36m[Knote: [m[Kin expansion of macro â€˜[01m[KCLASS_LOADER_REGISTER_CLASS_WITH_MESSAGE[m[Kâ€™
   70 |   [01;36m[KCLASS_LOADER_REGISTER_CLASS_WITH_MESSAGE[m[K(Derived, Base, "")
      |   [01;36m[K^~~~~~~~~~~~~~~~~~~~~~~~~~~~~~~~~~~~~~~~[m[K
[01m[K/opt/ros/noetic/include/pluginlib/./class_list_macros.hpp:49:3:[m[K [01;36m[Knote: [m[Kin expansion of macro â€˜[01m[KCLASS_LOADER_REGISTER_CLASS[m[Kâ€™
   49 |   [01;36m[KCLASS_LOADER_REGISTER_CLASS[m[K(class_type, base_class_type)
      |   [01;36m[K^~~~~~~~~~~~~~~~~~~~~~~~~~~[m[K
[01m[K/home/albertozafra7/Desktop/Universidad/Master/AR/Lab5/catkin_ws/src/arob_lab5/src/llc_local_planner.cpp:8:1:[m[K [01;36m[Knote: [m[Kin expansion of macro â€˜[01m[KPLUGINLIB_EXPORT_CLASS[m[Kâ€™
    8 | [01;36m[KPLUGINLIB_EXPORT_CLASS[m[K(llc_local_planner::LLCLocalPlanner, nav_core::BaseLocalPlanner)
      | [01;36m[K^~~~~~~~~~~~~~~~~~~~~~[m[K
[01m[K/home/albertozafra7/Desktop/Universidad/Master/AR/Lab5/catkin_ws/src/arob_lab5/src/llc_local_planner.cpp:[m[K In constructor â€˜[01m[K{anonymous}::ProxyExec0::ProxyExec0()[m[Kâ€™:
[01m[K/opt/ros/noetic/include/class_loader/register_macro.hpp:49:42:[m[K [01;31m[Kerror: [m[Kâ€˜[01m[K_derived[m[Kâ€™ was not declared in this scope
   49 |       class_loader::impl::registerPlugin<[01;31m[K_derived[m[K, _base>(#Derived, #Base); \
      |                                          [01;31m[K^~~~~~~~[m[K
[01m[K/opt/ros/noetic/include/class_loader/register_macro.hpp:56:3:[m[K [01;36m[Knote: [m[Kin expansion of macro â€˜[01m[KCLASS_LOADER_REGISTER_CLASS_INTERNAL_WITH_MESSAGE[m[Kâ€™
   56 |   [01;36m[KCLASS_LOADER_REGISTER_CLASS_INTERNAL_WITH_MESSAGE[m[K(Derived, Base, UniqueID, Message)
      |   [01;36m[K^~~~~~~~~~~~~~~~~~~~~~~~~~~~~~~~~~~~~~~~~~~~~~~~~[m[K
[01m[K/opt/ros/noetic/include/class_loader/register_macro.hpp:63:3:[m[K [01;36m[Knote: [m[Kin expansion of macro â€˜[01m[KCLASS_LOADER_REGISTER_CLASS_INTERNAL_HOP1_WITH_MESSAGE[m[Kâ€™
   63 |   [01;36m[KCLASS_LOADER_REGISTER_CLASS_INTERNAL_HOP1_WITH_MESSAGE[m[K(Derived, Base, __COUNTER__, Message)
      |   [01;36m[K^~~~~~~~~~~~~~~~~~~~~~~~~~~~~~~~~~~~~~~~~~~~~~~~~~~~~~[m[K
[01m[K/opt/ros/noetic/include/class_loader/register_macro.hpp:70:3:[m[K [01;36m[Knote: [m[Kin expansion of macro â€˜[01m[KCLASS_LOADER_REGISTER_CLASS_WITH_MESSAGE[m[Kâ€™
   70 |   [01;36m[KCLASS_LOADER_REGISTER_CLASS_WITH_MESSAGE[m[K(Derived, Base, "")
      |   [01;36m[K^~~~~~~~~~~~~~~~~~~~~~~~~~~~~~~~~~~~~~~~[m[K
[01m[K/opt/ros/noetic/include/pluginlib/./class_list_macros.hpp:49:3:[m[K [01;36m[Knote: [m[Kin expansion of macro â€˜[01m[KCLASS_LOADER_REGISTER_CLASS[m[Kâ€™
   49 |   [01;36m[KCLASS_LOADER_REGISTER_CLASS[m[K(class_type, base_class_type)
      |   [01;36m[K^~~~~~~~~~~~~~~~~~~~~~~~~~~[m[K
[01m[K/home/albertozafra7/Desktop/Universidad/Master/AR/Lab5/catkin_ws/src/arob_lab5/src/llc_local_planner.cpp:8:1:[m[K [01;36m[Knote: [m[Kin expansion of macro â€˜[01m[KPLUGINLIB_EXPORT_CLASS[m[Kâ€™
    8 | [01;36m[KPLUGINLIB_EXPORT_CLASS[m[K(llc_local_planner::LLCLocalPlanner, nav_core::BaseLocalPlanner)
      | [01;36m[K^~~~~~~~~~~~~~~~~~~~~~[m[K
[01m[K/opt/ros/noetic/include/class_loader/register_macro.hpp:49:74:[m[K [01;31m[Kerror: [m[Kno matching function for call to â€˜[01m[KregisterPlugin<<expression error>, {anonymous}::ProxyExec0::_base>(const char [35], const char [27])[m[Kâ€™
   49 |       class_loader::impl::registerPlugin<_derived, _base>(#Derived, #Base[01;31m[K)[m[K; \
      |                                                                          [01;31m[K^[m[K
[01m[K/opt/ros/noetic/include/class_loader/register_macro.hpp:56:3:[m[K [01;36m[Knote: [m[Kin expansion of macro â€˜[01m[KCLASS_LOADER_REGISTER_CLASS_INTERNAL_WITH_MESSAGE[m[Kâ€™
   56 |   [01;36m[KCLASS_LOADER_REGISTER_CLASS_INTERNAL_WITH_MESSAGE[m[K(Derived, Base, UniqueID, Message)
      |   [01;36m[K^~~~~~~~~~~~~~~~~~~~~~~~~~~~~~~~~~~~~~~~~~~~~~~~~[m[K
[01m[K/opt/ros/noetic/include/class_loader/register_macro.hpp:63:3:[m[K [01;36m[Knote: [m[Kin expansion of macro â€˜[01m[KCLASS_LOADER_REGISTER_CLASS_INTERNAL_HOP1_WITH_MESSAGE[m[Kâ€™
   63 |   [01;36m[KCLASS_LOADER_REGISTER_CLASS_INTERNAL_HOP1_WITH_MESSAGE[m[K(Derived, Base, __COUNTER__, Message)
      |   [01;36m[K^~~~~~~~~~~~~~~~~~~~~~~~~~~~~~~~~~~~~~~~~~~~~~~~~~~~~~[m[K
[01m[K/opt/ros/noetic/include/class_loader/register_macro.hpp:70:3:[m[K [01;36m[Knote: [m[Kin expansion of macro â€˜[01m[KCLASS_LOADER_REGISTER_CLASS_WITH_MESSAGE[m[Kâ€™
   70 |   [01;36m[KCLASS_LOADER_REGISTER_CLASS_WITH_MESSAGE[m[K(Derived, Base, "")
      |   [01;36m[K^~~~~~~~~~~~~~~~~~~~~~~~~~~~~~~~~~~~~~~~[m[K
[01m[K/opt/ros/noetic/include/pluginlib/./class_list_macros.hpp:49:3:[m[K [01;36m[Knote: [m[Kin expansion of macro â€˜[01m[KCLASS_LOADER_REGISTER_CLASS[m[Kâ€™
   49 |   [01;36m[KCLASS_LOADER_REGISTER_CLASS[m[K(class_type, base_class_type)
      |   [01;36m[K^~~~~~~~~~~~~~~~~~~~~~~~~~~[m[K
[01m[K/home/albertozafra7/Desktop/Universidad/Master/AR/Lab5/catkin_ws/src/arob_lab5/src/llc_local_planner.cpp:8:1:[m[K [01;36m[Knote: [m[Kin expansion of macro â€˜[01m[KPLUGINLIB_EXPORT_CLASS[m[Kâ€™
    8 | [01;36m[KPLUGINLIB_EXPORT_CLASS[m[K(llc_local_planner::LLCLocalPlanner, nav_core::BaseLocalPlanner)
      | [01;36m[K^~~~~~~~~~~~~~~~~~~~~~[m[K
In file included from [01m[K/opt/ros/noetic/include/class_loader/class_loader.hpp:46[m[K,
                 from [01m[K/opt/ros/noetic/include/pluginlib/./class_list_macros.hpp:40[m[K,
                 from [01m[K/opt/ros/noetic/include/pluginlib/class_list_macros.h:35[m[K,
                 from [01m[K/home/albertozafra7/Desktop/Universidad/Master/AR/Lab5/catkin_ws/src/arob_lab5/src/llc_local_planner.cpp:1[m[K:
[01m[K/opt/ros/noetic/include/class_loader/class_loader_core.hpp:176:6:[m[K [01;36m[Knote: [m[Kcandidate: â€˜[01m[Ktemplate<class Derived, class Base> void class_loader::impl::registerPlugin(const string&, const string&)[m[Kâ€™
  176 | void [01;36m[KregisterPlugin[m[K(const std::string & class_name, const std::string & base_class_name)
      |      [01;36m[K^~~~~~~~~~~~~~[m[K
[01m[K/opt/ros/noetic/include/class_loader/class_loader_core.hpp:176:6:[m[K [01;36m[Knote: [m[K  template argument deduction/substitution failed:
In file included from [01m[K/opt/ros/noetic/include/class_loader/class_loader.hpp:47[m[K,
                 from [01m[K/opt/ros/noetic/include/pluginlib/./class_list_macros.hpp:40[m[K,
                 from [01m[K/opt/ros/noetic/include/pluginlib/class_list_macros.h:35[m[K,
                 from [01m[K/home/albertozafra7/Desktop/Universidad/Master/AR/Lab5/catkin_ws/src/arob_lab5/src/llc_local_planner.cpp:1[m[K:
[01m[K/opt/ros/noetic/include/class_loader/register_macro.hpp:49:74:[m[K [01;31m[Kerror: [m[Ktemplate argument 1 is invalid
   49 |       class_loader::impl::registerPlugin<_derived, _base>(#Derived, #Base[01;31m[K)[m[K; \
      |                                                                          [01;31m[K^[m[K
[01m[K/opt/ros/noetic/include/class_loader/register_macro.hpp:56:3:[m[K [01;36m[Knote: [m[Kin expansion of macro â€˜[01m[KCLASS_LOADER_REGISTER_CLASS_INTERNAL_WITH_MESSAGE[m[Kâ€™
   56 |   [01;36m[KCLASS_LOADER_REGISTER_CLASS_INTERNAL_WITH_MESSAGE[m[K(Derived, Base, UniqueID, Message)
      |   [01;36m[K^~~~~~~~~~~~~~~~~~~~~~~~~~~~~~~~~~~~~~~~~~~~~~~~~[m[K
[01m[K/opt/ros/noetic/include/class_loader/register_macro.hpp:63:3:[m[K [01;36m[Knote: [m[Kin expansion of macro â€˜[01m[KCLASS_LOADER_REGISTER_CLASS_INTERNAL_HOP1_WITH_MESSAGE[m[Kâ€™
   63 |   [01;36m[KCLASS_LOADER_REGISTER_CLASS_INTERNAL_HOP1_WITH_MESSAGE[m[K(Derived, Base, __COUNTER__, Message)
      |   [01;36m[K^~~~~~~~~~~~~~~~~~~~~~~~~~~~~~~~~~~~~~~~~~~~~~~~~~~~~~[m[K
[01m[K/opt/ros/noetic/include/class_loader/register_macro.hpp:70:3:[m[K [01;36m[Knote: [m[Kin expansion of macro â€˜[01m[KCLASS_LOADER_REGISTER_CLASS_WITH_MESSAGE[m[Kâ€™
   70 |   [01;36m[KCLASS_LOADER_REGISTER_CLASS_WITH_MESSAGE[m[K(Derived, Base, "")
      |   [01;36m[K^~~~~~~~~~~~~~~~~~~~~~~~~~~~~~~~~~~~~~~~[m[K
[01m[K/opt/ros/noetic/include/pluginlib/./class_list_macros.hpp:49:3:[m[K [01;36m[Knote: [m[Kin expansion of macro â€˜[01m[KCLASS_LOADER_REGISTER_CLASS[m[Kâ€™
   49 |   [01;36m[KCLASS_LOADER_REGISTER_CLASS[m[K(class_type, base_class_type)
      |   [01;36m[K^~~~~~~~~~~~~~~~~~~~~~~~~~~[m[K
[01m[K/home/albertozafra7/Desktop/Universidad/Master/AR/Lab5/catkin_ws/src/arob_lab5/src/llc_local_planner.cpp:8:1:[m[K [01;36m[Knote: [m[Kin expansion of macro â€˜[01m[KPLUGINLIB_EXPORT_CLASS[m[Kâ€™
    8 | [01;36m[KPLUGINLIB_EXPORT_CLASS[m[K(llc_local_planner::LLCLocalPlanner, nav_core::BaseLocalPlanner)
      | [01;36m[K^~~~~~~~~~~~~~~~~~~~~~[m[K
[01m[K/home/albertozafra7/Desktop/Universidad/Master/AR/Lab5/catkin_ws/src/arob_lab5/src/llc_local_planner.cpp:[m[K At global scope:
[01m[K/home/albertozafra7/Desktop/Universidad/Master/AR/Lab5/catkin_ws/src/arob_lab5/src/llc_local_planner.cpp:21:2:[m[K [01;31m[Kerror: [m[Kâ€˜[01m[KLLCLocalPlanner[m[Kâ€™ does not name a type
   21 |  [01;31m[KLLCLocalPlanner[m[K::LLCLocalPlanner(std::string name, tf2_ros::Buffer* tf, costmap_2d::Costmap2DROS* costmap_ros){
      |  [01;31m[K^~~~~~~~~~~~~~~[m[K
[01m[K/home/albertozafra7/Desktop/Universidad/Master/AR/Lab5/catkin_ws/src/arob_lab5/src/llc_local_planner.cpp:25:7:[m[K [01;31m[Kerror: [m[Kâ€˜[01m[KLLCLocalPlanner[m[Kâ€™ has not been declared
   25 |  void [01;31m[KLLCLocalPlanner[m[K::initialize(std::string name, tf2_ros::Buffer* tf, costmap_2d::Costmap2DROS* costmap_ros){
      |       [01;31m[K^~~~~~~~~~~~~~~[m[K
[01m[K/home/albertozafra7/Desktop/Universidad/Master/AR/Lab5/catkin_ws/src/arob_lab5/src/llc_local_planner.cpp:[m[K In function â€˜[01m[Kvoid llc_local_planner::initialize(std::string, tf2_ros::Buffer*, costmap_2d::Costmap2DROS*)[m[Kâ€™:
[01m[K/home/albertozafra7/Desktop/Universidad/Master/AR/Lab5/catkin_ws/src/arob_lab5/src/llc_local_planner.cpp:27:7:[m[K [01;31m[Kerror: [m[Kâ€˜[01m[Kinitialized_[m[Kâ€™ was not declared in this scope; did you mean â€˜[01m[Kinitialize[m[Kâ€™?
   27 |   if(![01;31m[Kinitialized_[m[K){
      |       [01;31m[K^~~~~~~~~~~~[m[K
      |       [32m[Kinitialize[m[K
[01m[K/home/albertozafra7/Desktop/Universidad/Master/AR/Lab5/catkin_ws/src/arob_lab5/src/llc_local_planner.cpp:31:4:[m[K [01;31m[Kerror: [m[Kâ€˜[01m[Kcostmap_ros_[m[Kâ€™ was not declared in this scope; did you mean â€˜[01m[Kcostmap_ros[m[Kâ€™?
   31 |    [01;31m[Kcostmap_ros_[m[K = costmap_ros;
      |    [01;31m[K^~~~~~~~~~~~[m[K
      |    [32m[Kcostmap_ros[m[K
[01m[K/home/albertozafra7/Desktop/Universidad/Master/AR/Lab5/catkin_ws/src/arob_lab5/src/llc_local_planner.cpp:32:4:[m[K [01;31m[Kerror: [m[Kâ€˜[01m[Kcostmap_[m[Kâ€™ was not declared in this scope; did you mean â€˜[01m[Kcostmap_2d[m[Kâ€™?
   32 |    [01;31m[Kcostmap_[m[K = costmap_ros_->getCostmap();
      |    [01;31m[K^~~~~~~~[m[K
      |    [32m[Kcostmap_2d[m[K
[01m[K/home/albertozafra7/Desktop/Universidad/Master/AR/Lab5/catkin_ws/src/arob_lab5/src/llc_local_planner.cpp:33:4:[m[K [01;31m[Kerror: [m[Kâ€˜[01m[Ktf_[m[Kâ€™ was not declared in this scope; did you mean â€˜[01m[Ktf[m[Kâ€™?
   33 |    [01;31m[Ktf_[m[K = tf;
      |    [01;31m[K^~~[m[K
      |    [32m[Ktf[m[K
[01m[K/home/albertozafra7/Desktop/Universidad/Master/AR/Lab5/catkin_ws/src/arob_lab5/src/llc_local_planner.cpp:38:23:[m[K [01;31m[Kerror: [m[Kâ€˜[01m[Kkalpha_[m[Kâ€™ was not declared in this scope; did you mean â€˜[01m[Kisalpha_l[m[Kâ€™?
   38 |    nh.param("kalpha", [01;31m[Kkalpha_[m[K, 0.0);
      |                       [01;31m[K^~~~~~~[m[K
      |                       [32m[Kisalpha_l[m[K
[01m[K/home/albertozafra7/Desktop/Universidad/Master/AR/Lab5/catkin_ws/src/arob_lab5/src/llc_local_planner.cpp:39:21:[m[K [01;31m[Kerror: [m[Kâ€˜[01m[Kkrho_[m[Kâ€™ was not declared in this scope
   39 |    nh.param("krho", [01;31m[Kkrho_[m[K, 0.0);
      |                     [01;31m[K^~~~~[m[K
[01m[K/home/albertozafra7/Desktop/Universidad/Master/AR/Lab5/catkin_ws/src/arob_lab5/src/llc_local_planner.cpp:40:22:[m[K [01;31m[Kerror: [m[Kâ€˜[01m[Kkbeta_[m[Kâ€™ was not declared in this scope
   40 |    nh.param("kbeta", [01;31m[Kkbeta_[m[K, 0.0);
      |                      [01;31m[K^~~~~~[m[K
[01m[K/home/albertozafra7/Desktop/Universidad/Master/AR/Lab5/catkin_ws/src/arob_lab5/src/llc_local_planner.cpp:41:23:[m[K [01;31m[Kerror: [m[Kâ€˜[01m[Krho_th_[m[Kâ€™ was not declared in this scope
   41 |    nh.param("rho_th", [01;31m[Krho_th_[m[K, 0.0);
      |                       [01;31m[K^~~~~~~[m[K
[01m[K/home/albertozafra7/Desktop/Universidad/Master/AR/Lab5/catkin_ws/src/arob_lab5/src/llc_local_planner.cpp:43:38:[m[K [01;31m[Kerror: [m[Kâ€˜[01m[Krobot_radius_[m[Kâ€™ was not declared in this scope
   43 |    nh_local.getParam("robot_radius", [01;31m[Krobot_radius_[m[K);
      |                                      [01;31m[K^~~~~~~~~~~~~[m[K
[01m[K/home/albertozafra7/Desktop/Universidad/Master/AR/Lab5/catkin_ws/src/arob_lab5/src/llc_local_planner.cpp:[m[K At global scope:
[01m[K/home/albertozafra7/Desktop/Universidad/Master/AR/Lab5/catkin_ws/src/arob_lab5/src/llc_local_planner.cpp:57:7:[m[K [01;31m[Kerror: [m[Kâ€˜[01m[KLLCLocalPlanner[m[Kâ€™ has not been declared
   57 |  bool [01;31m[KLLCLocalPlanner[m[K::setPlan(const std::vector<geometry_msgs::PoseStamped>& plan){
      |       [01;31m[K^~~~~~~~~~~~~~~[m[K
[01m[K/home/albertozafra7/Desktop/Universidad/Master/AR/Lab5/catkin_ws/src/arob_lab5/src/llc_local_planner.cpp:[m[K In function â€˜[01m[Kbool llc_local_planner::setPlan(const std::vector<geometry_msgs::PoseStamped_<std::allocator<void> > >&)[m[Kâ€™:
[01m[K/home/albertozafra7/Desktop/Universidad/Master/AR/Lab5/catkin_ws/src/arob_lab5/src/llc_local_planner.cpp:61:7:[m[K [01;31m[Kerror: [m[Kâ€˜[01m[Kinitialized_[m[Kâ€™ was not declared in this scope; did you mean â€˜[01m[Kinitialize[m[Kâ€™?
   61 |   if(![01;31m[Kinitialized_[m[K){
      |       [01;31m[K^~~~~~~~~~~~[m[K
      |       [32m[Kinitialize[m[K
[01m[K/home/albertozafra7/Desktop/Universidad/Master/AR/Lab5/catkin_ws/src/arob_lab5/src/llc_local_planner.cpp:67:3:[m[K [01;31m[Kerror: [m[Kâ€˜[01m[Kglobal_plan_[m[Kâ€™ was not declared in this scope
   67 |   [01;31m[Kglobal_plan_[m[K.clear();
      |   [01;31m[K^~~~~~~~~~~~[m[K
[01m[K/home/albertozafra7/Desktop/Universidad/Master/AR/Lab5/catkin_ws/src/arob_lab5/src/llc_local_planner.cpp:70:3:[m[K [01;31m[Kerror: [m[Kâ€˜[01m[Kcostmap_[m[Kâ€™ was not declared in this scope; did you mean â€˜[01m[Kcostmap_2d[m[Kâ€™?
   70 |   [01;31m[Kcostmap_[m[K = costmap_ros_->getCostmap();
      |   [01;31m[K^~~~~~~~[m[K
      |   [32m[Kcostmap_2d[m[K
[01m[K/home/albertozafra7/Desktop/Universidad/Master/AR/Lab5/catkin_ws/src/arob_lab5/src/llc_local_planner.cpp:70:14:[m[K [01;31m[Kerror: [m[Kâ€˜[01m[Kcostmap_ros_[m[Kâ€™ was not declared in this scope; did you mean â€˜[01m[Kcostmap_2d[m[Kâ€™?
   70 |   costmap_ = [01;31m[Kcostmap_ros_[m[K->getCostmap();
      |              [01;31m[K^~~~~~~~~~~~[m[K
      |              [32m[Kcostmap_2d[m[K
[01m[K/home/albertozafra7/Desktop/Universidad/Master/AR/Lab5/catkin_ws/src/arob_lab5/src/llc_local_planner.cpp:[m[K At global scope:
[01m[K/home/albertozafra7/Desktop/Universidad/Master/AR/Lab5/catkin_ws/src/arob_lab5/src/llc_local_planner.cpp:88:7:[m[K [01;31m[Kerror: [m[Kâ€˜[01m[KLLCLocalPlanner[m[Kâ€™ has not been declared
   88 |  bool [01;31m[KLLCLocalPlanner[m[K::computeVelocityCommands(geometry_msgs::Twist& cmd_vel){
      |       [01;31m[K^~~~~~~~~~~~~~~[m[K
[01m[K/home/albertozafra7/Desktop/Universidad/Master/AR/Lab5/catkin_ws/src/arob_lab5/src/llc_local_planner.cpp:[m[K In function â€˜[01m[Kbool llc_local_planner::computeVelocityCommands(geometry_msgs::Twist&)[m[Kâ€™:
[01m[K/home/albertozafra7/Desktop/Universidad/Master/AR/Lab5/catkin_ws/src/arob_lab5/src/llc_local_planner.cpp:93:7:[m[K [01;31m[Kerror: [m[Kâ€˜[01m[Kinitialized_[m[Kâ€™ was not declared in this scope; did you mean â€˜[01m[Kinitialize[m[Kâ€™?
   93 |   if(![01;31m[Kinitialized_[m[K){
      |       [01;31m[K^~~~~~~~~~~~[m[K
      |       [32m[Kinitialize[m[K
[01m[K/home/albertozafra7/Desktop/Universidad/Master/AR/Lab5/catkin_ws/src/arob_lab5/src/llc_local_planner.cpp:100:3:[m[K [01;31m[Kerror: [m[Kâ€˜[01m[Kcostmap_ros_[m[Kâ€™ was not declared in this scope; did you mean â€˜[01m[Kcostmap_2d[m[Kâ€™?
  100 |   [01;31m[Kcostmap_ros_[m[K->getRobotPose(robot_pose);
      |   [01;31m[K^~~~~~~~~~~~[m[K
      |   [32m[Kcostmap_2d[m[K
[01m[K/home/albertozafra7/Desktop/Universidad/Master/AR/Lab5/catkin_ws/src/arob_lab5/src/llc_local_planner.cpp:101:37:[m[K [01;31m[Kerror: [m[Kâ€˜[01m[Kglobal_plan_[m[Kâ€™ was not declared in this scope
  101 |   geometry_msgs::PoseStamped goal = [01;31m[Kglobal_plan_[m[K.back();
      |                                     [01;31m[K^~~~~~~~~~~~[m[K
[01m[K/home/albertozafra7/Desktop/Universidad/Master/AR/Lab5/catkin_ws/src/arob_lab5/src/llc_local_planner.cpp:104:3:[m[K [01;31m[Kerror: [m[Kâ€˜[01m[Kcostmap_[m[Kâ€™ was not declared in this scope; did you mean â€˜[01m[Kcostmap_2d[m[Kâ€™?
  104 |   [01;31m[Kcostmap_[m[K = costmap_ros_->getCostmap();
      |   [01;31m[K^~~~~~~~[m[K
      |   [32m[Kcostmap_2d[m[K
[01m[K/home/albertozafra7/Desktop/Universidad/Master/AR/Lab5/catkin_ws/src/arob_lab5/src/llc_local_planner.cpp:113:61:[m[K [01;31m[Kerror: [m[Kâ€˜[01m[Krobot_radius_[m[Kâ€™ was not declared in this scope
  113 |      if (euclideanDistance(robot_pose.pose, obs_pose) < 1.5*[01;31m[Krobot_radius_[m[K){
      |                                                             [01;31m[K^~~~~~~~~~~~~[m[K
[01m[K/home/albertozafra7/Desktop/Universidad/Master/AR/Lab5/catkin_ws/src/arob_lab5/src/llc_local_planner.cpp:137:22:[m[K [01;31m[Kerror: [m[Kâ€˜[01m[Kkrho_[m[Kâ€™ was not declared in this scope; did you mean â€˜[01m[Krho[m[Kâ€™?
  137 |   cmd_vel.linear.x = [01;31m[Kkrho_[m[K*rho;
      |                      [01;31m[K^~~~~[m[K
      |                      [32m[Krho[m[K
[01m[K/home/albertozafra7/Desktop/Universidad/Master/AR/Lab5/catkin_ws/src/arob_lab5/src/llc_local_planner.cpp:140:23:[m[K [01;31m[Kerror: [m[Kâ€˜[01m[Kkalpha_[m[Kâ€™ was not declared in this scope; did you mean â€˜[01m[Kalpha[m[Kâ€™?
  140 |   cmd_vel.angular.z = [01;31m[Kkalpha_[m[K*alpha + kbeta_*beta;
      |                       [01;31m[K^~~~~~~[m[K
      |                       [32m[Kalpha[m[K
[01m[K/home/albertozafra7/Desktop/Universidad/Master/AR/Lab5/catkin_ws/src/arob_lab5/src/llc_local_planner.cpp:140:39:[m[K [01;31m[Kerror: [m[Kâ€˜[01m[Kkbeta_[m[Kâ€™ was not declared in this scope; did you mean â€˜[01m[Kbeta[m[Kâ€™?
  140 |   cmd_vel.angular.z = kalpha_*alpha + [01;31m[Kkbeta_[m[K*beta;
      |                                       [01;31m[K^~~~~~[m[K
      |                                       [32m[Kbeta[m[K
[01m[K/home/albertozafra7/Desktop/Universidad/Master/AR/Lab5/catkin_ws/src/arob_lab5/src/llc_local_planner.cpp:[m[K At global scope:
[01m[K/home/albertozafra7/Desktop/Universidad/Master/AR/Lab5/catkin_ws/src/arob_lab5/src/llc_local_planner.cpp:146:7:[m[K [01;31m[Kerror: [m[Kâ€˜[01m[KLLCLocalPlanner[m[Kâ€™ has not been declared
  146 |  bool [01;31m[KLLCLocalPlanner[m[K::isGoalReached(){
      |       [01;31m[K^~~~~~~~~~~~~~~[m[K
[01m[K/home/albertozafra7/Desktop/Universidad/Master/AR/Lab5/catkin_ws/src/arob_lab5/src/llc_local_planner.cpp:[m[K In function â€˜[01m[Kbool llc_local_planner::isGoalReached()[m[Kâ€™:
[01m[K/home/albertozafra7/Desktop/Universidad/Master/AR/Lab5/catkin_ws/src/arob_lab5/src/llc_local_planner.cpp:151:9:[m[K [01;31m[Kerror: [m[Kâ€˜[01m[Kinitialized_[m[Kâ€™ was not declared in this scope; did you mean â€˜[01m[Kinitialize[m[Kâ€™?
  151 |   if (! [01;31m[Kinitialized_[m[K) {
      |         [01;31m[K^~~~~~~~~~~~[m[K
      |         [32m[Kinitialize[m[K
[01m[K/home/albertozafra7/Desktop/Universidad/Master/AR/Lab5/catkin_ws/src/arob_lab5/src/llc_local_planner.cpp:158:3:[m[K [01;31m[Kerror: [m[Kâ€˜[01m[Kcostmap_ros_[m[Kâ€™ was not declared in this scope; did you mean â€˜[01m[Kcostmap_2d[m[Kâ€™?
  158 |   [01;31m[Kcostmap_ros_[m[K->getRobotPose(robot_pose);
      |   [01;31m[K^~~~~~~~~~~~[m[K
      |   [32m[Kcostmap_2d[m[K
[01m[K/home/albertozafra7/Desktop/Universidad/Master/AR/Lab5/catkin_ws/src/arob_lab5/src/llc_local_planner.cpp:159:43:[m[K [01;31m[Kerror: [m[Kâ€˜[01m[Kglobal_plan_[m[Kâ€™ was not declared in this scope
  159 |   const geometry_msgs::PoseStamped goal = [01;31m[Kglobal_plan_[m[K.back();
      |                                           [01;31m[K^~~~~~~~~~~~[m[K
make[2]: *** [CMakeFiles/llc_local_planner_lib.dir/build.make:63: CMakeFiles/llc_local_planner_lib.dir/src/llc_local_planner.cpp.o] Error 1
make[1]: *** [CMakeFiles/Makefile2:356: CMakeFiles/llc_local_planner_lib.dir/all] Error 2
make[1]: *** Waiting for unfinished jobs....
make: *** [Makefile:141: all] Error 2
