[01m[K/home/albertozafra7/Desktop/Universidad/Master/AR/Lab2/catkin_ws/src/p12_arob_lab2/src/followTargets.cpp:[m[K In constructor â€˜[01m[KFollowTargetsClass::FollowTargetsClass()[m[Kâ€™:
[01m[K/home/albertozafra7/Desktop/Universidad/Master/AR/Lab2/catkin_ws/src/p12_arob_lab2/src/followTargets.cpp:26:64:[m[K [01;31m[Kerror: [m[Kâ€˜[01m[KLowlevelcontrol[m[Kâ€™ has not been declared
   26 |   position_sub_ = nh_.subscribe("/base_pose_ground_truth", 1, &[01;31m[KLowlevelcontrol[m[K::positionCb, this);
      |                                                                [01;31m[K^~~~~~~~~~~~~~~[m[K
[01m[K/home/albertozafra7/Desktop/Universidad/Master/AR/Lab2/catkin_ws/src/p12_arob_lab2/src/followTargets.cpp:28:15:[m[K [01;31m[Kerror: [m[Kâ€˜[01m[Knh[m[Kâ€™ was not declared in this scope; did you mean â€˜[01m[Knh_[m[Kâ€™?
   28 |   goal_pub_ = [01;31m[Knh[m[K.advertise<geometry_msgs::PoseStamped>("goal", 1);
      |               [01;31m[K^~[m[K
      |               [32m[Knh_[m[K
[01m[K/home/albertozafra7/Desktop/Universidad/Master/AR/Lab2/catkin_ws/src/p12_arob_lab2/src/followTargets.cpp:28:54:[m[K [01;31m[Kerror: [m[Kexpected primary-expression before â€˜[01m[K>[m[Kâ€™ token
   28 |   goal_pub_ = nh.advertise<geometry_msgs::PoseStamped[01;31m[K>[m[K("goal", 1);
      |                                                      [01;31m[K^[m[K
make[2]: *** [CMakeFiles/followTargets.dir/build.make:63: CMakeFiles/followTargets.dir/src/followTargets.cpp.o] Error 1
make[1]: *** [CMakeFiles/Makefile2:925: CMakeFiles/followTargets.dir/all] Error 2
make: *** [Makefile:141: all] Error 2
