[01m[K/home/albertozafra7/Desktop/Universidad/Master/AR/Lab2/catkin_ws/src/p12_arob_lab2/src/followTargets.cpp:[m[K In member function â€˜[01m[Kvoid FollowTargetsClass::loadTargetsFromFile(const string&)[m[Kâ€™:
[01m[K/home/albertozafra7/Desktop/Universidad/Master/AR/Lab2/catkin_ws/src/p12_arob_lab2/src/followTargets.cpp:38:11:[m[K [01;31m[Kerror: [m[Kexpected primary-expression before â€˜[01m[Kvoid[m[Kâ€™
   38 |    return [01;31m[Kvoid[m[K; // Return an empty vector on error
      |           [01;31m[K^~~~[m[K
[01m[K/home/albertozafra7/Desktop/Universidad/Master/AR/Lab2/catkin_ws/src/p12_arob_lab2/src/followTargets.cpp:38:11:[m[K [01;31m[Kerror: [m[Kreturn-statement with a value, in function returning â€˜[01m[Kvoid[m[Kâ€™ [[01;31m[K-fpermissive[m[K]
[01m[K/home/albertozafra7/Desktop/Universidad/Master/AR/Lab2/catkin_ws/src/p12_arob_lab2/src/followTargets.cpp:38:10:[m[K [01;31m[Kerror: [m[Kexpected â€˜[01m[K;[m[Kâ€™ before â€˜[01m[Kvoid[m[Kâ€™
   38 |    return[01;31m[K [m[K[32m[Kvoid[m[K; // Return an empty vector on error
      |          [01;31m[K^[m[K[32m[K~~~~[m[K
      |          [32m[K;[m[K
[01m[K/home/albertozafra7/Desktop/Universidad/Master/AR/Lab2/catkin_ws/src/p12_arob_lab2/src/followTargets.cpp:38:11:[m[K [01;31m[Kerror: [m[Kdeclaration does not declare anything [[01;31m[K-fpermissive[m[K]
   38 |    return [01;31m[Kvoid[m[K; // Return an empty vector on error
      |           [01;31m[K^~~~[m[K
make[2]: *** [CMakeFiles/followTargets.dir/build.make:63: CMakeFiles/followTargets.dir/src/followTargets.cpp.o] Error 1
make[1]: *** [CMakeFiles/Makefile2:925: CMakeFiles/followTargets.dir/all] Error 2
make: *** [Makefile:141: all] Error 2
