/usr/bin/ld: CMakeFiles/followTargets.dir/src/followTargets.cpp.o: in function `FollowTargetsClass::FollowTargetsClass()':
followTargets.cpp:(.text._ZN18FollowTargetsClassC2Ev[_ZN18FollowTargetsClassC5Ev]+0x327): undefined reference to `ros::package::getPath(std::__cxx11::basic_string<char, std::char_traits<char>, std::allocator<char> > const&)'
collect2: error: ld returned 1 exit status
make[2]: *** [CMakeFiles/followTargets.dir/build.make:106: /home/albertozafra7/Desktop/Universidad/Master/AR/Lab2/catkin_ws/devel/.private/p12_arob_lab2/lib/p12_arob_lab2/followTargets] Error 1
make[1]: *** [CMakeFiles/Makefile2:925: CMakeFiles/followTargets.dir/all] Error 2
make: *** [Makefile:141: all] Error 2
