[35m[1mScanning dependencies of target p12_llc_local_planner_lib[0m
[ 50%] [32mBuilding CXX object CMakeFiles/p12_llc_local_planner_lib.dir/src/llc_local_planner.cpp.o[0m
[01m[K/home/albertozafra7/Desktop/Universidad/Master/AR/Lab4/catkin_ws/src/p12_arob_lab4/src/llc_local_planner.cpp:[m[K In member function â€˜[01m[Kvirtual bool p12_llc_local_planner::LLCLocalPlanner::isGoalReached()[m[Kâ€™:
[01m[K/home/albertozafra7/Desktop/Universidad/Master/AR/Lab4/catkin_ws/src/p12_arob_lab4/src/llc_local_planner.cpp:166:24:[m[K [01;31m[Kerror: [m[Kcould not convert â€˜[01m[Krobot_pose[m[Kâ€™ from â€˜[01m[Kgeometry_msgs::PoseStamped[m[Kâ€™ {aka â€˜[01m[Kgeometry_msgs::PoseStamped_<std::allocator<void> >[m[Kâ€™} to â€˜[01m[Kgeometry_msgs::Pose[m[Kâ€™ {aka â€˜[01m[Kgeometry_msgs::Pose_<std::allocator<void> >[m[Kâ€™}
  166 |   if(euclideanDistance([01;31m[Krobot_pose[m[K, goal) > 0.2)
      |                        [01;31m[K^~~~~~~~~~[m[K
      |                        [01;31m[K|[m[K
      |                        [01;31m[Kgeometry_msgs::PoseStamped {aka geometry_msgs::PoseStamped_<std::allocator<void> >}[m[K
make[2]: *** [CMakeFiles/p12_llc_local_planner_lib.dir/build.make:63: CMakeFiles/p12_llc_local_planner_lib.dir/src/llc_local_planner.cpp.o] Error 1
make[1]: *** [CMakeFiles/Makefile2:1675: CMakeFiles/p12_llc_local_planner_lib.dir/all] Error 2
make: *** [Makefile:141: all] Error 2
