[01m[K/home/albertozafra7/Desktop/Universidad/Master/AR/Lab4/catkin_ws/src/p12_arob_lab4/src/llc_local_planner.cpp:[m[K In member function â€˜[01m[Kvirtual bool p12_llc_local_planner::LLCLocalPlanner::computeVelocityCommands(geometry_msgs::Twist&)[m[Kâ€™:
[01m[K/home/albertozafra7/Desktop/Universidad/Master/AR/Lab4/catkin_ws/src/p12_arob_lab4/src/llc_local_planner.cpp:137:22:[m[K [01;31m[Kerror: [m[Kâ€˜[01m[Kkrho[m[Kâ€™ was not declared in this scope; did you mean â€˜[01m[Kkrho_[m[Kâ€™?
  137 |   cmd_vel.linear.x = [01;31m[Kkrho[m[K*rho;
      |                      [01;31m[K^~~~[m[K
      |                      [32m[Kkrho_[m[K
[01m[K/home/albertozafra7/Desktop/Universidad/Master/AR/Lab4/catkin_ws/src/p12_arob_lab4/src/llc_local_planner.cpp:138:23:[m[K [01;31m[Kerror: [m[Kâ€˜[01m[Kinput[m[Kâ€™ was not declared in this scope
  138 |   cmd_vel.linear.x = ([01;31m[Kinput[m[K.linear.x >= 1.0) ? 0.95 : input.linear.x;
      |                       [01;31m[K^~~~~[m[K
[01m[K/home/albertozafra7/Desktop/Universidad/Master/AR/Lab4/catkin_ws/src/p12_arob_lab4/src/llc_local_planner.cpp:140:23:[m[K [01;31m[Kerror: [m[Kâ€˜[01m[Kkalpha[m[Kâ€™ was not declared in this scope; did you mean â€˜[01m[Kkalpha_[m[Kâ€™?
  140 |   cmd_vel.angular.z = [01;31m[Kkalpha[m[K*alpha + kbeta*beta;
      |                       [01;31m[K^~~~~~[m[K
      |                       [32m[Kkalpha_[m[K
[01m[K/home/albertozafra7/Desktop/Universidad/Master/AR/Lab4/catkin_ws/src/p12_arob_lab4/src/llc_local_planner.cpp:140:38:[m[K [01;31m[Kerror: [m[Kâ€˜[01m[Kkbeta[m[Kâ€™ was not declared in this scope; did you mean â€˜[01m[Kkbeta_[m[Kâ€™?
  140 |   cmd_vel.angular.z = kalpha*alpha + [01;31m[Kkbeta[m[K*beta;
      |                                      [01;31m[K^~~~~[m[K
      |                                      [32m[Kkbeta_[m[K
[01m[K/home/albertozafra7/Desktop/Universidad/Master/AR/Lab4/catkin_ws/src/p12_arob_lab4/src/llc_local_planner.cpp:[m[K In member function â€˜[01m[Kvirtual bool p12_llc_local_planner::LLCLocalPlanner::isGoalReached()[m[Kâ€™:
[01m[K/home/albertozafra7/Desktop/Universidad/Master/AR/Lab4/catkin_ws/src/p12_arob_lab4/src/llc_local_planner.cpp:166:24:[m[K [01;31m[Kerror: [m[Kcould not convert â€˜[01m[Krobot_pose[m[Kâ€™ from â€˜[01m[Kgeometry_msgs::PoseStamped[m[Kâ€™ {aka â€˜[01m[Kgeometry_msgs::PoseStamped_<std::allocator<void> >[m[Kâ€™} to â€˜[01m[Kgeometry_msgs::Pose[m[Kâ€™ {aka â€˜[01m[Kgeometry_msgs::Pose_<std::allocator<void> >[m[Kâ€™}
  166 |   if(euclideanDistance([01;31m[Krobot_pose[m[K, goal) > 0.2)
      |                        [01;31m[K^~~~~~~~~~[m[K
      |                        [01;31m[K|[m[K
      |                        [01;31m[Kgeometry_msgs::PoseStamped {aka geometry_msgs::PoseStamped_<std::allocator<void> >}[m[K
make[2]: *** [CMakeFiles/p12_llc_local_planner_lib.dir/build.make:63: CMakeFiles/p12_llc_local_planner_lib.dir/src/llc_local_planner.cpp.o] Error 1
make[1]: *** [CMakeFiles/Makefile2:1675: CMakeFiles/p12_llc_local_planner_lib.dir/all] Error 2
make: *** [Makefile:141: all] Error 2
