[01m[K/home/albertozafra7/Desktop/Universidad/Master/AR/Lab3/catkin_ws/src/p12_arob_lab3/src/followTargets3D.cpp:[m[K In constructor â€˜[01m[KFollowTargets3DClass::FollowTargets3DClass()[m[Kâ€™:
[01m[K/home/albertozafra7/Desktop/Universidad/Master/AR/Lab3/catkin_ws/src/p12_arob_lab3/src/followTargets3D.cpp:30:60:[m[K [01;31m[Kerror: [m[Kâ€˜[01m[KFollowTargetsClass[m[Kâ€™ has not been declared
   30 |   position_sub_ = nh_.subscribe("/ground_truth/state", 1, &[01;31m[KFollowTargetsClass[m[K::UpdateGoal, this);
      |                                                            [01;31m[K^~~~~~~~~~~~~~~~~~[m[K
make[2]: *** [CMakeFiles/followTargets3D.dir/build.make:63: CMakeFiles/followTargets3D.dir/src/followTargets3D.cpp.o] Error 1
make[1]: *** [CMakeFiles/Makefile2:1704: CMakeFiles/followTargets3D.dir/all] Error 2
make: *** [Makefile:141: all] Error 2
