[01m[K/home/albertozafra7/Desktop/Universidad/Master/AR/Lab3/catkin_ws/src/p12_arob_lab3/src/followTargets3D.cpp:137:1:[m[K [01;31m[Kerror: [m[Kexpected â€˜[01m[K}[m[Kâ€™ at end of input
  137 | [01;31m[K}[m[K
      | [01;31m[K^[m[K
[01m[K/home/albertozafra7/Desktop/Universidad/Master/AR/Lab3/catkin_ws/src/p12_arob_lab3/src/followTargets3D.cpp:13:26:[m[K [01;36m[Knote: [m[Kto match this â€˜[01m[K{[m[Kâ€™
   13 | class FollowTargetsClass [01;36m[K{[m[K
      |                          [01;36m[K^[m[K
[01m[K/home/albertozafra7/Desktop/Universidad/Master/AR/Lab3/catkin_ws/src/p12_arob_lab3/src/followTargets3D.cpp:[m[K In member function â€˜[01m[Kvoid FollowTargetsClass::UpdateGoal(const Odometry&)[m[Kâ€™:
[01m[K/home/albertozafra7/Desktop/Universidad/Master/AR/Lab3/catkin_ws/src/p12_arob_lab3/src/followTargets3D.cpp:105:6:[m[K [01;31m[Kerror: [m[Kâ€˜[01m[Keuclidean_dist[m[Kâ€™ was not declared in this scope; did you mean â€˜[01m[Keuclidean_dis[m[Kâ€™?
  105 |   if([01;31m[Keuclidean_dist[m[K(msg.pose.pose.position,Goal.pose.position)  < 0.2) {
      |      [01;31m[K^~~~~~~~~~~~~~[m[K
      |      [32m[Keuclidean_dis[m[K
[01m[K/home/albertozafra7/Desktop/Universidad/Master/AR/Lab3/catkin_ws/src/p12_arob_lab3/src/followTargets3D.cpp:[m[K In member function â€˜[01m[Kfloat FollowTargetsClass::euclidean_dis(geometry_msgs::PoseStamped, geometry_msgs::PoseStamped)[m[Kâ€™:
[01m[K/home/albertozafra7/Desktop/Universidad/Master/AR/Lab3/catkin_ws/src/p12_arob_lab3/src/followTargets3D.cpp:116:19:[m[K [01;31m[Kerror: [m[Kâ€˜[01m[Kgeometry_msgs::PoseStamped[m[Kâ€™ {aka â€˜[01m[Kstruct geometry_msgs::PoseStamped_<std::allocator<void> >[m[Kâ€™} has no member named â€˜[01m[Kx[m[Kâ€™
  116 |   float ex = goal.[01;31m[Kx[m[K - origin.x;
      |                   [01;31m[K^[m[K
[01m[K/home/albertozafra7/Desktop/Universidad/Master/AR/Lab3/catkin_ws/src/p12_arob_lab3/src/followTargets3D.cpp:116:30:[m[K [01;31m[Kerror: [m[Kâ€˜[01m[Kgeometry_msgs::PoseStamped[m[Kâ€™ {aka â€˜[01m[Kstruct geometry_msgs::PoseStamped_<std::allocator<void> >[m[Kâ€™} has no member named â€˜[01m[Kx[m[Kâ€™
  116 |   float ex = goal.x - origin.[01;31m[Kx[m[K;
      |                              [01;31m[K^[m[K
[01m[K/home/albertozafra7/Desktop/Universidad/Master/AR/Lab3/catkin_ws/src/p12_arob_lab3/src/followTargets3D.cpp:117:19:[m[K [01;31m[Kerror: [m[Kâ€˜[01m[Kgeometry_msgs::PoseStamped[m[Kâ€™ {aka â€˜[01m[Kstruct geometry_msgs::PoseStamped_<std::allocator<void> >[m[Kâ€™} has no member named â€˜[01m[Ky[m[Kâ€™
  117 |   float ey = goal.[01;31m[Ky[m[K - origin.y;
      |                   [01;31m[K^[m[K
[01m[K/home/albertozafra7/Desktop/Universidad/Master/AR/Lab3/catkin_ws/src/p12_arob_lab3/src/followTargets3D.cpp:117:30:[m[K [01;31m[Kerror: [m[Kâ€˜[01m[Kgeometry_msgs::PoseStamped[m[Kâ€™ {aka â€˜[01m[Kstruct geometry_msgs::PoseStamped_<std::allocator<void> >[m[Kâ€™} has no member named â€˜[01m[Ky[m[Kâ€™
  117 |   float ey = goal.y - origin.[01;31m[Ky[m[K;
      |                              [01;31m[K^[m[K
[01m[K/home/albertozafra7/Desktop/Universidad/Master/AR/Lab3/catkin_ws/src/p12_arob_lab3/src/followTargets3D.cpp:118:19:[m[K [01;31m[Kerror: [m[Kâ€˜[01m[Kgeometry_msgs::PoseStamped[m[Kâ€™ {aka â€˜[01m[Kstruct geometry_msgs::PoseStamped_<std::allocator<void> >[m[Kâ€™} has no member named â€˜[01m[Kz[m[Kâ€™
  118 |   float ez = goal.[01;31m[Kz[m[K - origin.z;
      |                   [01;31m[K^[m[K
[01m[K/home/albertozafra7/Desktop/Universidad/Master/AR/Lab3/catkin_ws/src/p12_arob_lab3/src/followTargets3D.cpp:118:30:[m[K [01;31m[Kerror: [m[Kâ€˜[01m[Kgeometry_msgs::PoseStamped[m[Kâ€™ {aka â€˜[01m[Kstruct geometry_msgs::PoseStamped_<std::allocator<void> >[m[Kâ€™} has no member named â€˜[01m[Kz[m[Kâ€™
  118 |   float ez = goal.z - origin.[01;31m[Kz[m[K;
      |                              [01;31m[K^[m[K
[01m[K/home/albertozafra7/Desktop/Universidad/Master/AR/Lab3/catkin_ws/src/p12_arob_lab3/src/followTargets3D.cpp:[m[K At global scope:
[01m[K/home/albertozafra7/Desktop/Universidad/Master/AR/Lab3/catkin_ws/src/p12_arob_lab3/src/followTargets3D.cpp:137:1:[m[K [01;31m[Kerror: [m[Kexpected unqualified-id at end of input
  137 | [01;31m[K}[m[K
      | [01;31m[K^[m[K
make[2]: *** [CMakeFiles/followTargets3D.dir/build.make:63: CMakeFiles/followTargets3D.dir/src/followTargets3D.cpp.o] Error 1
make[1]: *** [CMakeFiles/Makefile2:1704: CMakeFiles/followTargets3D.dir/all] Error 2
make: *** [Makefile:141: all] Error 2
