[01m[K/home/albertozafra7/Desktop/Universidad/Master/AR/Lab3/catkin_ws/src/p12_arob_lab3/src/followTargets3D.cpp:[m[K In member function â€˜[01m[Kvoid FollowTargetsClass::UpdateGoal(const PoseStamped&)[m[Kâ€™:
[01m[K/home/albertozafra7/Desktop/Universidad/Master/AR/Lab3/catkin_ws/src/p12_arob_lab3/src/followTargets3D.cpp:102:46:[m[K [01;31m[Kerror: [m[Kâ€˜[01m[Kconst _pose_type[m[Kâ€™ {aka â€˜[01m[Kconst struct geometry_msgs::Pose_<std::allocator<void> >[m[Kâ€™} has no member named â€˜[01m[Kpose[m[Kâ€™
  102 |   float ex = Goal.pose.position.x - msg.pose.[01;31m[Kpose[m[K.position.x;
      |                                              [01;31m[K^~~~[m[K
[01m[K/home/albertozafra7/Desktop/Universidad/Master/AR/Lab3/catkin_ws/src/p12_arob_lab3/src/followTargets3D.cpp:103:46:[m[K [01;31m[Kerror: [m[Kâ€˜[01m[Kconst _pose_type[m[Kâ€™ {aka â€˜[01m[Kconst struct geometry_msgs::Pose_<std::allocator<void> >[m[Kâ€™} has no member named â€˜[01m[Kpose[m[Kâ€™
  103 |   float ey = Goal.pose.position.y - msg.pose.[01;31m[Kpose[m[K.position.y;
      |                                              [01;31m[K^~~~[m[K
[01m[K/home/albertozafra7/Desktop/Universidad/Master/AR/Lab3/catkin_ws/src/p12_arob_lab3/src/followTargets3D.cpp:104:46:[m[K [01;31m[Kerror: [m[Kâ€˜[01m[Kconst _pose_type[m[Kâ€™ {aka â€˜[01m[Kconst struct geometry_msgs::Pose_<std::allocator<void> >[m[Kâ€™} has no member named â€˜[01m[Kpose[m[Kâ€™
  104 |   float ez = Goal.pose.position.z - msg.pose.[01;31m[Kpose[m[K.position.z;
      |                                              [01;31m[K^~~~[m[K
make[2]: *** [CMakeFiles/followTargets3D.dir/build.make:63: CMakeFiles/followTargets3D.dir/src/followTargets3D.cpp.o] Error 1
make[1]: *** [CMakeFiles/Makefile2:1704: CMakeFiles/followTargets3D.dir/all] Error 2
make: *** [Makefile:141: all] Error 2
