[01m[K/home/albertozafra7/Desktop/Universidad/Master/AR/project/catkin_ws/src/arob_mpc/src/mpc_custom.cpp:[m[K In member function â€˜[01m[Kvoid mpc_custom::mpc()[m[Kâ€™:
[01m[K/home/albertozafra7/Desktop/Universidad/Master/AR/project/catkin_ws/src/arob_mpc/src/mpc_custom.cpp:74:9:[m[K [01;31m[Kerror: [m[Kâ€˜[01m[KFG_eval[m[Kâ€™ was not declared in this scope
   74 |         [01;31m[KFG_eval[m[K fg_eval;
      |         [01;31m[K^~~~~~~[m[K
[01m[K/home/albertozafra7/Desktop/Universidad/Master/AR/project/catkin_ws/src/arob_mpc/src/mpc_custom.cpp:109:9:[m[K [01;31m[Kerror: [m[Kâ€˜[01m[Kok[m[Kâ€™ was not declared in this scope; did you mean â€˜[01m[Kros::ok[m[Kâ€™?
  109 |         [01;31m[Kok[m[K &= solution.status == CppAD::ipopt::solve_result<Dvector>::success;
      |         [01;31m[K^~[m[K
      |         [32m[Kros::ok[m[K
In file included from [01m[K/opt/ros/noetic/include/ros/node_handle.h:47[m[K,
                 from [01m[K/opt/ros/noetic/include/ros/ros.h:45[m[K,
                 from [01m[K/home/albertozafra7/Desktop/Universidad/Master/AR/project/catkin_ws/src/arob_mpc/include/arob_mpc/mpc_custom.h:5[m[K,
                 from [01m[K/home/albertozafra7/Desktop/Universidad/Master/AR/project/catkin_ws/src/arob_mpc/src/mpc_custom.cpp:1[m[K:
[01m[K/opt/ros/noetic/include/ros/init.h:160:18:[m[K [01;36m[Knote: [m[Kâ€˜[01m[Kros::ok[m[Kâ€™ declared here
  160 | ROSCPP_DECL bool [01;36m[Kok[m[K();
      |                  [01;36m[K^~[m[K
make[2]: *** [CMakeFiles/mpc_custom.dir/build.make:63: CMakeFiles/mpc_custom.dir/src/mpc_custom.cpp.o] Error 1
make[1]: *** [CMakeFiles/Makefile2:2001: CMakeFiles/mpc_custom.dir/all] Error 2
make: *** [Makefile:141: all] Error 2
