[01m[K/home/albertozafra7/Desktop/Universidad/Master/AR/project/catkin_ws/src/arob_mpc/src/mpc_custom.cpp:[m[K In constructor â€˜[01m[Kmpc_custom::mpc_custom()[m[Kâ€™:
[01m[K/home/albertozafra7/Desktop/Universidad/Master/AR/project/catkin_ws/src/arob_mpc/src/mpc_custom.cpp:27:3:[m[K [01;31m[Kerror: [m[Kâ€˜[01m[Kkalpha[m[Kâ€™ was not declared in this scope; did you mean â€˜[01m[Kisalpha[m[Kâ€™?
   27 |   [01;31m[Kkalpha[m[K = 0.25; // the values of these parameters should be obtained by you
      |   [01;31m[K^~~~~~[m[K
      |   [32m[Kisalpha[m[K
[01m[K/home/albertozafra7/Desktop/Universidad/Master/AR/project/catkin_ws/src/arob_mpc/src/mpc_custom.cpp:28:3:[m[K [01;31m[Kerror: [m[Kâ€˜[01m[Kkrho[m[Kâ€™ was not declared in this scope
   28 |   [01;31m[Kkrho[m[K = 0.2; // krho > 0
      |   [01;31m[K^~~~[m[K
[01m[K/home/albertozafra7/Desktop/Universidad/Master/AR/project/catkin_ws/src/arob_mpc/src/mpc_custom.cpp:29:3:[m[K [01;31m[Kerror: [m[Kâ€˜[01m[Kkbeta[m[Kâ€™ was not declared in this scope
   29 |   [01;31m[Kkbeta[m[K = -0.001; // kbeta < 0
      |   [01;31m[K^~~~~[m[K
[01m[K/home/albertozafra7/Desktop/Universidad/Master/AR/project/catkin_ws/src/arob_mpc/src/mpc_custom.cpp:[m[K In member function â€˜[01m[Kvoid mpc_custom::mpc()[m[Kâ€™:
[01m[K/home/albertozafra7/Desktop/Universidad/Master/AR/project/catkin_ws/src/arob_mpc/src/mpc_custom.cpp:75:28:[m[K [01;31m[Kerror: [m[Kexpected â€˜[01m[K;[m[Kâ€™ before â€˜[01m[K}[m[Kâ€™ token
   75 |         CppAD::ipopt::solve
      |                            [01;31m[K^[m[K
      |                            [32m[K;[m[K
......
   81 |     [32m[K}[m[K
      |     [32m[K~[m[K                       
[01m[K/home/albertozafra7/Desktop/Universidad/Master/AR/project/catkin_ws/src/arob_mpc/src/mpc_custom.cpp:81:5:[m[K [01;31m[Kerror: [m[Kstatement cannot resolve address of overloaded function
   81 |     [01;31m[K}[m[K
      |     [01;31m[K^[m[K
make[2]: *** [CMakeFiles/mpc_custom.dir/build.make:63: CMakeFiles/mpc_custom.dir/src/mpc_custom.cpp.o] Error 1
make[1]: *** [CMakeFiles/Makefile2:2001: CMakeFiles/mpc_custom.dir/all] Error 2
make: *** [Makefile:141: all] Error 2
