[01m[K/home/albertozafra7/Desktop/Universidad/Master/AR/project/catkin_ws/src/arob_mpc/src/mpc_custom.cpp:[m[K In member function â€˜[01m[Kvoid mpc_custom::mpc()[m[Kâ€™:
[01m[K/home/albertozafra7/Desktop/Universidad/Master/AR/project/catkin_ws/src/arob_mpc/src/mpc_custom.cpp:74:9:[m[K [01;31m[Kerror: [m[Kâ€˜[01m[KFG_eval[m[Kâ€™ was not declared in this scope
   74 |         [01;31m[KFG_eval[m[K fg_eval;
      |         [01;31m[K^~~~~~~[m[K
make[2]: *** [CMakeFiles/mpc_custom.dir/build.make:63: CMakeFiles/mpc_custom.dir/src/mpc_custom.cpp.o] Error 1
make[1]: *** [CMakeFiles/Makefile2:2001: CMakeFiles/mpc_custom.dir/all] Error 2
make: *** [Makefile:141: all] Error 2
