[01m[K/home/albertozafra7/Desktop/Universidad/Master/AR/project/catkin_ws/src/arob_mpc/src/drone_race.cpp:[m[K In member function â€˜[01m[Kvoid drone_race::send_states(int)[m[Kâ€™:
[01m[K/home/albertozafra7/Desktop/Universidad/Master/AR/project/catkin_ws/src/arob_mpc/src/drone_race.cpp:367:13:[m[K [01;31m[Kerror: [m[Kâ€˜[01m[Ktemp_states[m[Kâ€™ was not declared in this scope; did you mean â€˜[01m[Ksend_states[m[Kâ€™?
  367 |             [01;31m[Ktemp_states[m[K.clear();
      |             [01;31m[K^~~~~~~~~~~[m[K
      |             [32m[Ksend_states[m[K
make[2]: *** [CMakeFiles/drone_race.dir/build.make:63: CMakeFiles/drone_race.dir/src/drone_race.cpp.o] Error 1
make[1]: *** [CMakeFiles/Makefile2:347: CMakeFiles/drone_race.dir/all] Error 2
make: *** [Makefile:141: all] Error 2
