[01m[K/home/albertozafra7/Desktop/Universidad/Master/AR/project/catkin_ws/src/arob_mpc/src/mpc_custom.cpp:[m[K In member function â€˜[01m[Kvoid mpc_custom::state_update(const Odometry&)[m[Kâ€™:
[01m[K/home/albertozafra7/Desktop/Universidad/Master/AR/project/catkin_ws/src/arob_mpc/src/mpc_custom.cpp:421:55:[m[K [01;31m[Kerror: [m[Kexpected initializer before â€˜[01m[K.[m[Kâ€™ token
  421 |         geometry_msgs::TransformStamped current_header[01;31m[K.[m[Kheader = msg.header;
      |                                                       [01;31m[K^[m[K
[01m[K/home/albertozafra7/Desktop/Universidad/Master/AR/project/catkin_ws/src/arob_mpc/src/mpc_custom.cpp:422:25:[m[K [01;31m[Kerror: [m[Kâ€˜[01m[Kcurrent_header[m[Kâ€™ was not declared in this scope; did you mean â€˜[01m[Kcurrent_state[m[Kâ€™?
  422 |         float d_time = ([01;31m[Kcurrent_header[m[K.stamp.secs + current_header.stamp.nsecs/1e9) - (prev_header.stamp.secs + prev_header.stamp.nsecs/1e9);
      |                         [01;31m[K^~~~~~~~~~~~~~[m[K
      |                         [32m[Kcurrent_state[m[K
[01m[K/home/albertozafra7/Desktop/Universidad/Master/AR/project/catkin_ws/src/arob_mpc/src/mpc_custom.cpp:422:100:[m[K [01;31m[Kerror: [m[Kâ€˜[01m[Kgeometry_msgs::TransformStamped[m[Kâ€™ {aka â€˜[01m[Kstruct geometry_msgs::TransformStamped_<std::allocator<void> >[m[Kâ€™} has no member named â€˜[01m[Kstamp[m[Kâ€™
  422 |         float d_time = (current_header.stamp.secs + current_header.stamp.nsecs/1e9) - (prev_header.[01;31m[Kstamp[m[K.secs + prev_header.stamp.nsecs/1e9);
      |                                                                                                    [01;31m[K^~~~~[m[K
[01m[K/home/albertozafra7/Desktop/Universidad/Master/AR/project/catkin_ws/src/arob_mpc/src/mpc_custom.cpp:422:125:[m[K [01;31m[Kerror: [m[Kâ€˜[01m[Kgeometry_msgs::TransformStamped[m[Kâ€™ {aka â€˜[01m[Kstruct geometry_msgs::TransformStamped_<std::allocator<void> >[m[Kâ€™} has no member named â€˜[01m[Kstamp[m[Kâ€™
  422 |         float d_time = (current_header.stamp.secs + current_header.stamp.nsecs/1e9) - (prev_header.stamp.secs + prev_header.[01;31m[Kstamp[m[K.nsecs/1e9);
      |                                                                                                                             [01;31m[K^~~~~[m[K
make[2]: *** [CMakeFiles/mpc_custom.dir/build.make:63: CMakeFiles/mpc_custom.dir/src/mpc_custom.cpp.o] Error 1
make[1]: *** [CMakeFiles/Makefile2:2001: CMakeFiles/mpc_custom.dir/all] Error 2
make: *** [Makefile:141: all] Error 2
