[01m[K/home/albertozafra7/Desktop/Universidad/Master/AR/Lab1/catkin_ws/src/second_package/src/Response.cpp:[m[K In function â€˜[01m[Kvoid chatterCallback(const ConstPtr&)[m[Kâ€™:
[01m[K/home/albertozafra7/Desktop/Universidad/Master/AR/Lab1/catkin_ws/src/second_package/src/Response.cpp:16:27:[m[K [01;31m[Kerror: [m[Kâ€˜[01m[Kconst ConstPtr[m[Kâ€™ {aka â€˜[01m[Kconst class boost::shared_ptr<const std_msgs::String_<std::allocator<void> > >[m[Kâ€™} has no member named â€˜[01m[Kdata[m[Kâ€™
   16 |   std::size_t found = msg.[01;31m[Kdata[m[K.find("Autonomous Robots Course");
      |                           [01;31m[K^~~~[m[K
[01m[K/home/albertozafra7/Desktop/Universidad/Master/AR/Lab1/catkin_ws/src/second_package/src/Response.cpp:19:39:[m[K [01;31m[Kerror: [m[Kâ€˜[01m[Kcount[m[Kâ€™ was not declared in this scope; did you mean â€˜[01m[Kstd::count[m[Kâ€™?
   19 |     ss << "Hello, I am a student!" << [01;31m[Kcount[m[K;
      |                                       [01;31m[K^~~~~[m[K
      |                                       [32m[Kstd::count[m[K
In file included from [01m[K/usr/include/c++/9/algorithm:62[m[K,
                 from [01m[K/usr/include/boost/math/tools/config.hpp:18[m[K,
                 from [01m[K/usr/include/boost/math/special_functions/round.hpp:13[m[K,
                 from [01m[K/opt/ros/noetic/include/ros/time.h:58[m[K,
                 from [01m[K/opt/ros/noetic/include/ros/ros.h:38[m[K,
                 from [01m[K/home/albertozafra7/Desktop/Universidad/Master/AR/Lab1/catkin_ws/src/second_package/src/Response.cpp:2[m[K:
[01m[K/usr/include/c++/9/bits/stl_algo.h:4113:5:[m[K [01;36m[Knote: [m[Kâ€˜[01m[Kstd::count[m[Kâ€™ declared here
 4113 |     [01;36m[Kcount[m[K(_InputIterator __first, _InputIterator __last, const _Tp& __value)
      |     [01;36m[K^~~~~[m[K
[01m[K/home/albertozafra7/Desktop/Universidad/Master/AR/Lab1/catkin_ws/src/second_package/src/Response.cpp:20:9:[m[K [01;31m[Kerror: [m[Kâ€˜[01m[Kconst ConstPtr[m[Kâ€™ {aka â€˜[01m[Kconst class boost::shared_ptr<const std_msgs::String_<std::allocator<void> > >[m[Kâ€™} has no member named â€˜[01m[Kdata[m[Kâ€™
   20 |     msg.[01;31m[Kdata[m[K = ss.str();
      |         [01;31m[K^~~~[m[K
In file included from [01m[K/opt/ros/noetic/include/ros/ros.h:40[m[K,
                 from [01m[K/home/albertozafra7/Desktop/Universidad/Master/AR/Lab1/catkin_ws/src/second_package/src/Response.cpp:2[m[K:
[01m[K/home/albertozafra7/Desktop/Universidad/Master/AR/Lab1/catkin_ws/src/second_package/src/Response.cpp:24:24:[m[K [01;31m[Kerror: [m[Kâ€˜[01m[Kconst ConstPtr[m[Kâ€™ {aka â€˜[01m[Kconst class boost::shared_ptr<const std_msgs::String_<std::allocator<void> > >[m[Kâ€™} has no member named â€˜[01m[Kdata[m[Kâ€™
   24 |     ROS_INFO("%s", msg.[01;31m[Kdata[m[K.c_str());
      |                        [01;31m[K^~~~[m[K
[01m[K/opt/ros/noetic/include/ros/console.h:351:165:[m[K [01;36m[Knote: [m[Kin definition of macro â€˜[01m[KROSCONSOLE_PRINT_AT_LOCATION_WITH_FILTER[m[Kâ€™
  351 |     ::ros::console::print(filter, __rosconsole_define_location__loc.logger_, __rosconsole_define_location__loc.level_, __FILE__, __LINE__, __ROSCONSOLE_FUNCTION__, [01;36m[K__VA_ARGS__[m[K)
      |                                                                                                                                                                     [01;36m[K^~~~~~~~~~~[m[K
[01m[K/opt/ros/noetic/include/ros/console.h:390:7:[m[K [01;36m[Knote: [m[Kin expansion of macro â€˜[01m[KROSCONSOLE_PRINT_AT_LOCATION[m[Kâ€™
  390 |       [01;36m[KROSCONSOLE_PRINT_AT_LOCATION[m[K(__VA_ARGS__); \
      |       [01;36m[K^~~~~~~~~~~~~~~~~~~~~~~~~~~~[m[K
[01m[K/opt/ros/noetic/include/ros/console.h:575:35:[m[K [01;36m[Knote: [m[Kin expansion of macro â€˜[01m[KROS_LOG_COND[m[Kâ€™
  575 | #define ROS_LOG(level, name, ...) [01;36m[KROS_LOG_COND[m[K(true, level, name, __VA_ARGS__)
      |                                   [01;36m[K^~~~~~~~~~~~[m[K
[01m[K/opt/ros/noetic/include/rosconsole/macros_generated.h:110:23:[m[K [01;36m[Knote: [m[Kin expansion of macro â€˜[01m[KROS_LOG[m[Kâ€™
  110 | #define ROS_INFO(...) [01;36m[KROS_LOG[m[K(::ros::console::levels::Info, ROSCONSOLE_DEFAULT_NAME, __VA_ARGS__)
      |                       [01;36m[K^~~~~~~[m[K
[01m[K/home/albertozafra7/Desktop/Universidad/Master/AR/Lab1/catkin_ws/src/second_package/src/Response.cpp:24:5:[m[K [01;36m[Knote: [m[Kin expansion of macro â€˜[01m[KROS_INFO[m[Kâ€™
   24 |     [01;36m[KROS_INFO[m[K("%s", msg.data.c_str());
      |     [01;36m[K^~~~~~~~[m[K
[01m[K/home/albertozafra7/Desktop/Universidad/Master/AR/Lab1/catkin_ws/src/second_package/src/Response.cpp:34:5:[m[K [01;31m[Kerror: [m[Kâ€˜[01m[Kchatter_pub[m[Kâ€™ was not declared in this scope
   34 |     [01;31m[Kchatter_pub[m[K.publish(response_msg);
      |     [01;31m[K^~~~~~~~~~~[m[K
[01m[K/home/albertozafra7/Desktop/Universidad/Master/AR/Lab1/catkin_ws/src/second_package/src/Response.cpp:34:25:[m[K [01;31m[Kerror: [m[Kâ€˜[01m[Kresponse_msg[m[Kâ€™ was not declared in this scope
   34 |     chatter_pub.publish([01;31m[Kresponse_msg[m[K);
      |                         [01;31m[K^~~~~~~~~~~~[m[K
[01m[K/home/albertozafra7/Desktop/Universidad/Master/AR/Lab1/catkin_ws/src/second_package/src/Response.cpp:[m[K In function â€˜[01m[Kint main(int, char**)[m[Kâ€™:
[01m[K/home/albertozafra7/Desktop/Universidad/Master/AR/Lab1/catkin_ws/src/second_package/src/Response.cpp:90:19:[m[K [01;31m[Kerror: [m[Kredeclaration of â€˜[01m[Kros::NodeHandle n[m[Kâ€™
   90 |   ros::NodeHandle [01;31m[Kn[m[K;
      |                   [01;31m[K^[m[K
[01m[K/home/albertozafra7/Desktop/Universidad/Master/AR/Lab1/catkin_ws/src/second_package/src/Response.cpp:62:19:[m[K [01;36m[Knote: [m[Kâ€˜[01m[Kros::NodeHandle n[m[Kâ€™ previously declared here
   62 |   ros::NodeHandle [01;36m[Kn[m[K;
      |                   [01;36m[K^[m[K
make[2]: *** [CMakeFiles/Response.dir/build.make:63: CMakeFiles/Response.dir/src/Response.cpp.o] Error 1
make[1]: *** [CMakeFiles/Makefile2:728: CMakeFiles/Response.dir/all] Error 2
make: *** [Makefile:141: all] Error 2
