[01m[K/home/albertozafra7/Desktop/Universidad/Master/AR/Lab1/catkin_ws/src/second_package/src/Response.cpp:8:30:[m[K [01;31m[Kerror: [m[Kâ€˜[01m[Kn[m[Kâ€™ was not declared in this scope; did you mean â€˜[01m[Kyn[m[Kâ€™?
    8 | ros::Publisher chatter_pub = [01;31m[Kn[m[K.advertise<std_msgs::String>("chatter", 1000);
      |                              [01;31m[K^[m[K
      |                              [32m[Kyn[m[K
[01m[K/home/albertozafra7/Desktop/Universidad/Master/AR/Lab1/catkin_ws/src/second_package/src/Response.cpp:8:58:[m[K [01;31m[Kerror: [m[Kexpected primary-expression before â€˜[01m[K>[m[Kâ€™ token
    8 | ros::Publisher chatter_pub = n.advertise<std_msgs::String[01;31m[K>[m[K("chatter", 1000);
      |                                                          [01;31m[K^[m[K
make[2]: *** [CMakeFiles/Response.dir/build.make:63: CMakeFiles/Response.dir/src/Response.cpp.o] Error 1
make[1]: *** [CMakeFiles/Makefile2:728: CMakeFiles/Response.dir/all] Error 2
make: *** [Makefile:141: all] Error 2
